{"C:\\Users\\leona\\Microverse\\Module 2\\3week\\To-do-list\\src\\edit-task-mock.js": {"path":"C:\\Users\\leona\\Microverse\\Module 2\\3week\\To-do-list\\src\\edit-task-mock.js","statementMap":{"0":{"start":{"line":1,"column":24},"end":{"line":12,"column":3}},"1":{"start":{"line":3,"column":27},"end":{"line":3,"column":67}},"2":{"start":{"line":4,"column":6},"end":{"line":6,"column":9}},"3":{"start":{"line":5,"column":8},"end":{"line":5,"column":51}},"4":{"start":{"line":9,"column":6},"end":{"line":9,"column":47}},"5":{"start":{"line":10,"column":6},"end":{"line":10,"column":57}}},"fnMap":{"0":{"name":"(anonymous_0)","decl":{"start":{"line":2,"column":4},"end":{"line":2,"column":5}},"loc":{"start":{"line":2,"column":38},"end":{"line":7,"column":5}},"line":2},"1":{"name":"(anonymous_1)","decl":{"start":{"line":4,"column":47},"end":{"line":4,"column":48}},"loc":{"start":{"line":4,"column":53},"end":{"line":6,"column":7}},"line":4},"2":{"name":"(anonymous_2)","decl":{"start":{"line":8,"column":4},"end":{"line":8,"column":5}},"loc":{"start":{"line":8,"column":42},"end":{"line":11,"column":5}},"line":8}},"branchMap":{},"s":{"0":1,"1":1,"2":1,"3":1,"4":1,"5":1},"f":{"0":1,"1":1,"2":1},"b":{},"_coverageSchema":"1a1c01bbd47fc00a2c39e90264f33305004495a9","hash":"0ea61f92fac826be63667c99935c1f77382c793d"}
,"C:\\Users\\leona\\Microverse\\Module 2\\3week\\To-do-list\\src\\function.js": {"path":"C:\\Users\\leona\\Microverse\\Module 2\\3week\\To-do-list\\src\\function.js","statementMap":{"0":{"start":{"line":1,"column":23},"end":{"line":13,"column":1}},"1":{"start":{"line":2,"column":16},"end":{"line":2,"column":63}},"2":{"start":{"line":3,"column":27},"end":{"line":3,"column":65}},"3":{"start":{"line":4,"column":15},"end":{"line":8,"column":3}},"4":{"start":{"line":10,"column":2},"end":{"line":10,"column":66}},"5":{"start":{"line":11,"column":2},"end":{"line":11,"column":52}},"6":{"start":{"line":12,"column":2},"end":{"line":12,"column":27}},"7":{"start":{"line":15,"column":24},"end":{"line":23,"column":1}},"8":{"start":{"line":16,"column":20},"end":{"line":21,"column":3}},"9":{"start":{"line":18,"column":6},"end":{"line":18,"column":59}},"10":{"start":{"line":18,"column":34},"end":{"line":18,"column":59}},"11":{"start":{"line":19,"column":6},"end":{"line":19,"column":18}},"12":{"start":{"line":22,"column":2},"end":{"line":22,"column":59}},"13":{"start":{"line":25,"column":26},"end":{"line":33,"column":1}},"14":{"start":{"line":26,"column":24},"end":{"line":31,"column":6}},"15":{"start":{"line":27,"column":22},"end":{"line":27,"column":42}},"16":{"start":{"line":29,"column":6},"end":{"line":29,"column":29}},"17":{"start":{"line":30,"column":6},"end":{"line":30,"column":18}},"18":{"start":{"line":32,"column":2},"end":{"line":32,"column":63}},"19":{"start":{"line":35,"column":30},"end":{"line":45,"column":1}},"20":{"start":{"line":36,"column":28},"end":{"line":41,"column":6}},"21":{"start":{"line":37,"column":22},"end":{"line":37,"column":37}},"22":{"start":{"line":39,"column":6},"end":{"line":39,"column":29}},"23":{"start":{"line":40,"column":6},"end":{"line":40,"column":18}},"24":{"start":{"line":43,"column":2},"end":{"line":43,"column":67}},"25":{"start":{"line":44,"column":2},"end":{"line":44,"column":27}}},"fnMap":{"0":{"name":"(anonymous_0)","decl":{"start":{"line":1,"column":23},"end":{"line":1,"column":24}},"loc":{"start":{"line":1,"column":29},"end":{"line":13,"column":1}},"line":1},"1":{"name":"(anonymous_1)","decl":{"start":{"line":15,"column":24},"end":{"line":15,"column":25}},"loc":{"start":{"line":15,"column":42},"end":{"line":23,"column":1}},"line":15},"2":{"name":"(anonymous_2)","decl":{"start":{"line":17,"column":4},"end":{"line":17,"column":5}},"loc":{"start":{"line":17,"column":28},"end":{"line":20,"column":5}},"line":17},"3":{"name":"(anonymous_3)","decl":{"start":{"line":25,"column":26},"end":{"line":25,"column":27}},"loc":{"start":{"line":25,"column":37},"end":{"line":33,"column":1}},"line":25},"4":{"name":"(anonymous_4)","decl":{"start":{"line":27,"column":12},"end":{"line":27,"column":13}},"loc":{"start":{"line":27,"column":22},"end":{"line":27,"column":42}},"line":27},"5":{"name":"(anonymous_5)","decl":{"start":{"line":28,"column":9},"end":{"line":28,"column":10}},"loc":{"start":{"line":28,"column":26},"end":{"line":31,"column":5}},"line":28},"6":{"name":"(anonymous_6)","decl":{"start":{"line":35,"column":30},"end":{"line":35,"column":31}},"loc":{"start":{"line":35,"column":36},"end":{"line":45,"column":1}},"line":35},"7":{"name":"(anonymous_7)","decl":{"start":{"line":37,"column":12},"end":{"line":37,"column":13}},"loc":{"start":{"line":37,"column":22},"end":{"line":37,"column":37}},"line":37},"8":{"name":"(anonymous_8)","decl":{"start":{"line":38,"column":9},"end":{"line":38,"column":10}},"loc":{"start":{"line":38,"column":26},"end":{"line":41,"column":5}},"line":38}},"branchMap":{"0":{"loc":{"start":{"line":2,"column":16},"end":{"line":2,"column":63}},"type":"binary-expr","locations":[{"start":{"line":2,"column":16},"end":{"line":2,"column":57}},{"start":{"line":2,"column":61},"end":{"line":2,"column":63}}],"line":2},"1":{"loc":{"start":{"line":18,"column":6},"end":{"line":18,"column":59}},"type":"if","locations":[{"start":{"line":18,"column":6},"end":{"line":18,"column":59}},{"start":{"line":18,"column":6},"end":{"line":18,"column":59}}],"line":18}},"s":{"0":1,"1":5,"2":5,"3":5,"4":5,"5":5,"6":5,"7":1,"8":0,"9":0,"10":0,"11":0,"12":0,"13":1,"14":1,"15":2,"16":1,"17":1,"18":1,"19":1,"20":1,"21":4,"22":3,"23":3,"24":1,"25":1},"f":{"0":5,"1":0,"2":0,"3":1,"4":2,"5":1,"6":1,"7":4,"8":3},"b":{"0":[5,0],"1":[0,0]},"_coverageSchema":"1a1c01bbd47fc00a2c39e90264f33305004495a9","hash":"713e61bb57646204bf147f6faf170733f77539ea"}
,"C:\\Users\\leona\\Microverse\\Module 2\\3week\\To-do-list\\src\\index.js": {"path":"C:\\Users\\leona\\Microverse\\Module 2\\3week\\To-do-list\\src\\index.js","statementMap":{"0":{"start":{"line":6,"column":14},"end":{"line":6,"column":61}},"1":{"start":{"line":8,"column":0},"end":{"line":8,"column":60}},"2":{"start":{"line":10,"column":20},"end":{"line":31,"column":1}},"3":{"start":{"line":11,"column":13},"end":{"line":11,"column":41}},"4":{"start":{"line":12,"column":19},"end":{"line":12,"column":50}},"5":{"start":{"line":13,"column":2},"end":{"line":13,"column":29}},"6":{"start":{"line":14,"column":2},"end":{"line":14,"column":36}},"7":{"start":{"line":15,"column":2},"end":{"line":15,"column":27}},"8":{"start":{"line":16,"column":16},"end":{"line":16,"column":47}},"9":{"start":{"line":17,"column":2},"end":{"line":17,"column":33}},"10":{"start":{"line":18,"column":2},"end":{"line":18,"column":24}},"11":{"start":{"line":19,"column":17},"end":{"line":19,"column":49}},"12":{"start":{"line":20,"column":2},"end":{"line":20,"column":56}},"13":{"start":{"line":21,"column":2},"end":{"line":21,"column":25}},"14":{"start":{"line":22,"column":2},"end":{"line":22,"column":21}},"15":{"start":{"line":24,"column":2},"end":{"line":26,"column":5}},"16":{"start":{"line":25,"column":4},"end":{"line":25,"column":28}},"17":{"start":{"line":27,"column":2},"end":{"line":30,"column":5}},"18":{"start":{"line":28,"column":4},"end":{"line":28,"column":34}},"19":{"start":{"line":29,"column":4},"end":{"line":29,"column":27}},"20":{"start":{"line":34,"column":13},"end":{"line":34,"column":44}},"21":{"start":{"line":35,"column":16},"end":{"line":35,"column":57}},"22":{"start":{"line":36,"column":2},"end":{"line":38,"column":5}},"23":{"start":{"line":37,"column":4},"end":{"line":37,"column":26}},"24":{"start":{"line":41,"column":0},"end":{"line":41,"column":12}},"25":{"start":{"line":47,"column":0},"end":{"line":56,"column":3}},"26":{"start":{"line":48,"column":2},"end":{"line":52,"column":5}},"27":{"start":{"line":49,"column":4},"end":{"line":51,"column":5}},"28":{"start":{"line":50,"column":6},"end":{"line":50,"column":16}},"29":{"start":{"line":53,"column":2},"end":{"line":55,"column":5}},"30":{"start":{"line":54,"column":4},"end":{"line":54,"column":21}}},"fnMap":{"0":{"name":"(anonymous_0)","decl":{"start":{"line":10,"column":20},"end":{"line":10,"column":21}},"loc":{"start":{"line":10,"column":34},"end":{"line":31,"column":1}},"line":10},"1":{"name":"(anonymous_1)","decl":{"start":{"line":24,"column":38},"end":{"line":24,"column":39}},"loc":{"start":{"line":24,"column":44},"end":{"line":26,"column":3}},"line":24},"2":{"name":"(anonymous_2)","decl":{"start":{"line":27,"column":35},"end":{"line":27,"column":36}},"loc":{"start":{"line":27,"column":41},"end":{"line":30,"column":3}},"line":27},"3":{"name":"listItems","decl":{"start":{"line":33,"column":16},"end":{"line":33,"column":25}},"loc":{"start":{"line":33,"column":28},"end":{"line":39,"column":1}},"line":33},"4":{"name":"(anonymous_4)","decl":{"start":{"line":36,"column":16},"end":{"line":36,"column":17}},"loc":{"start":{"line":36,"column":26},"end":{"line":38,"column":3}},"line":36},"5":{"name":"(anonymous_5)","decl":{"start":{"line":47,"column":46},"end":{"line":47,"column":47}},"loc":{"start":{"line":47,"column":52},"end":{"line":56,"column":1}},"line":47},"6":{"name":"(anonymous_6)","decl":{"start":{"line":48,"column":70},"end":{"line":48,"column":71}},"loc":{"start":{"line":48,"column":81},"end":{"line":52,"column":3}},"line":48},"7":{"name":"(anonymous_7)","decl":{"start":{"line":53,"column":65},"end":{"line":53,"column":66}},"loc":{"start":{"line":53,"column":71},"end":{"line":55,"column":3}},"line":53}},"branchMap":{"0":{"loc":{"start":{"line":6,"column":14},"end":{"line":6,"column":61}},"type":"binary-expr","locations":[{"start":{"line":6,"column":14},"end":{"line":6,"column":55}},{"start":{"line":6,"column":59},"end":{"line":6,"column":61}}],"line":6},"1":{"loc":{"start":{"line":49,"column":4},"end":{"line":51,"column":5}},"type":"if","locations":[{"start":{"line":49,"column":4},"end":{"line":51,"column":5}},{"start":{"line":49,"column":4},"end":{"line":51,"column":5}}],"line":49}},"s":{"0":1,"1":1,"2":1,"3":11,"4":11,"5":11,"6":11,"7":11,"8":11,"9":11,"10":11,"11":11,"12":11,"13":11,"14":11,"15":11,"16":0,"17":11,"18":0,"19":0,"20":5,"21":5,"22":5,"23":11,"24":1,"25":1,"26":0,"27":0,"28":0,"29":0,"30":0},"f":{"0":11,"1":0,"2":0,"3":5,"4":11,"5":0,"6":0,"7":0},"b":{"0":[1,1],"1":[0,0]},"_coverageSchema":"1a1c01bbd47fc00a2c39e90264f33305004495a9","hash":"7b2c48315faa9192763b10caf2b2b611b5a8d552"}
,"C:\\Users\\leona\\Microverse\\Module 2\\3week\\To-do-list\\src\\mockhtml.js": {"path":"C:\\Users\\leona\\Microverse\\Module 2\\3week\\To-do-list\\src\\mockhtml.js","statementMap":{"0":{"start":{"line":2,"column":24},"end":{"line":13,"column":11}}},"fnMap":{},"branchMap":{},"s":{"0":1},"f":{},"b":{},"_coverageSchema":"1a1c01bbd47fc00a2c39e90264f33305004495a9","hash":"26a0d74fb88d4accb7b677bcb21d3ad5956080c3"}
,"C:\\Users\\leona\\Microverse\\Module 2\\3week\\To-do-list\\src\\status.js": {"path":"C:\\Users\\leona\\Microverse\\Module 2\\3week\\To-do-list\\src\\status.js","statementMap":{"0":{"start":{"line":1,"column":23},"end":{"line":9,"column":1}},"1":{"start":{"line":2,"column":16},"end":{"line":7,"column":3}},"2":{"start":{"line":4,"column":6},"end":{"line":4,"column":67}},"3":{"start":{"line":4,"column":34},"end":{"line":4,"column":67}},"4":{"start":{"line":5,"column":6},"end":{"line":5,"column":18}},"5":{"start":{"line":8,"column":2},"end":{"line":8,"column":55}}},"fnMap":{"0":{"name":"(anonymous_0)","decl":{"start":{"line":1,"column":23},"end":{"line":1,"column":24}},"loc":{"start":{"line":1,"column":34},"end":{"line":9,"column":1}},"line":1},"1":{"name":"(anonymous_1)","decl":{"start":{"line":3,"column":4},"end":{"line":3,"column":5}},"loc":{"start":{"line":3,"column":28},"end":{"line":6,"column":5}},"line":3}},"branchMap":{"0":{"loc":{"start":{"line":4,"column":6},"end":{"line":4,"column":67}},"type":"if","locations":[{"start":{"line":4,"column":6},"end":{"line":4,"column":67}},{"start":{"line":4,"column":6},"end":{"line":4,"column":67}}],"line":4}},"s":{"0":1,"1":1,"2":4,"3":1,"4":4,"5":1},"f":{"0":1,"1":4},"b":{"0":[1,3]},"_coverageSchema":"1a1c01bbd47fc00a2c39e90264f33305004495a9","hash":"f9432e691217fea5eee3904d42f31e6e5bb919a0"}
}
