TN:
SF:src\edit-task-mock.js
FN:2,(anonymous_0)
FN:4,(anonymous_1)
FN:8,(anonymous_2)
FNF:3
FNH:3
FNDA:1,(anonymous_0)
FNDA:1,(anonymous_1)
FNDA:1,(anonymous_2)
DA:1,1
DA:3,1
DA:4,1
DA:5,1
DA:9,1
DA:10,1
LF:6
LH:6
BRF:0
BRH:0
end_of_record
TN:
SF:src\function.js
FN:1,(anonymous_0)
FN:15,(anonymous_1)
FN:17,(anonymous_2)
FN:25,(anonymous_3)
FN:27,(anonymous_4)
FN:28,(anonymous_5)
FN:35,(anonymous_6)
FN:37,(anonymous_7)
FN:38,(anonymous_8)
FNF:9
FNH:7
FNDA:5,(anonymous_0)
FNDA:0,(anonymous_1)
FNDA:0,(anonymous_2)
FNDA:1,(anonymous_3)
FNDA:2,(anonymous_4)
FNDA:1,(anonymous_5)
FNDA:1,(anonymous_6)
FNDA:4,(anonymous_7)
FNDA:3,(anonymous_8)
DA:1,1
DA:2,5
DA:3,5
DA:4,5
DA:10,5
DA:11,5
DA:12,5
DA:15,1
DA:16,0
DA:18,0
DA:19,0
DA:22,0
DA:25,1
DA:26,1
DA:27,2
DA:29,1
DA:30,1
DA:32,1
DA:35,1
DA:36,1
DA:37,4
DA:39,3
DA:40,3
DA:43,1
DA:44,1
LF:25
LH:21
BRDA:2,0,0,5
BRDA:2,0,1,0
BRDA:18,1,0,0
BRDA:18,1,1,0
BRF:4
BRH:1
end_of_record
TN:
SF:src\index.js
FN:10,(anonymous_0)
FN:24,(anonymous_1)
FN:27,(anonymous_2)
FN:33,listItems
FN:36,(anonymous_4)
FN:47,(anonymous_5)
FN:48,(anonymous_6)
FN:53,(anonymous_7)
FNF:8
FNH:3
FNDA:11,(anonymous_0)
FNDA:0,(anonymous_1)
FNDA:0,(anonymous_2)
FNDA:5,listItems
FNDA:11,(anonymous_4)
FNDA:0,(anonymous_5)
FNDA:0,(anonymous_6)
FNDA:0,(anonymous_7)
DA:6,1
DA:8,1
DA:10,1
DA:11,11
DA:12,11
DA:13,11
DA:14,11
DA:15,11
DA:16,11
DA:17,11
DA:18,11
DA:19,11
DA:20,11
DA:21,11
DA:22,11
DA:24,11
DA:25,0
DA:27,11
DA:28,0
DA:29,0
DA:34,5
DA:35,5
DA:36,5
DA:37,11
DA:41,1
DA:47,1
DA:48,0
DA:49,0
DA:50,0
DA:53,0
DA:54,0
LF:31
LH:23
BRDA:6,0,0,1
BRDA:6,0,1,1
BRDA:49,1,0,0
BRDA:49,1,1,0
BRF:4
BRH:2
end_of_record
TN:
SF:src\mockhtml.js
FNF:0
FNH:0
DA:2,1
LF:1
LH:1
BRF:0
BRH:0
end_of_record
TN:
SF:src\status.js
FN:1,(anonymous_0)
FN:3,(anonymous_1)
FNF:2
FNH:2
FNDA:1,(anonymous_0)
FNDA:4,(anonymous_1)
DA:1,1
DA:2,1
DA:4,4
DA:5,4
DA:8,1
LF:5
LH:5
BRDA:4,0,0,1
BRDA:4,0,1,3
BRF:2
BRH:2
end_of_record
