TN:
SF:src\add-delete.js
FN:1,addTask
FN:7,deleteTask
FN:10,(anonymous_2)
FNF:3
FNH:2
FNDA:0,addTask
FNDA:3,deleteTask
FNDA:3,(anonymous_2)
DA:2,0
DA:3,0
DA:4,0
DA:8,3
DA:9,3
DA:10,3
DA:11,3
DA:12,3
DA:14,3
DA:17,1
DA:18,1
LF:11
LH:8
BRF:0
BRH:0
end_of_record
TN:
SF:src\local-storage.js
FN:1,saveDataLocalStorage
FN:5,loadDataLocalStorage
FNF:2
FNH:1
FNDA:0,saveDataLocalStorage
FNDA:4,loadDataLocalStorage
DA:2,0
DA:6,4
DA:8,4
DA:11,1
DA:12,1
LF:5
LH:4
BRDA:8,0,0,4
BRDA:8,0,1,4
BRF:2
BRH:2
end_of_record
